Base path: D:/Programe Instalate/Unity/Data
Pipe name: \\.\pipe\UnityShaderCompiler-3-10352
Cmd: getPlatforms
Cmd: compileSnippet
  api=9 type=0 insize=1381 outsize=10041 kw= ok=1
Cmd: compileSnippet
  api=5 type=0 insize=2219 outsize=2317 kw= ok=1
Cmd: compileSnippet
  api=9 type=0 insize=1852 outsize=10405 kw= ok=1
Cmd: compileSnippet
  api=9 type=1 insize=924 outsize=7 kw= ok=1
Cmd: compileSnippet
  api=9 type=0 insize=1329 outsize=9327 kw= ok=1
Cmd: compileSnippet
  api=9 type=0 insize=1237 outsize=9198 kw= ok=1
Cmd: compileSnippet
  api=9 type=0 insize=901 outsize=629 kw= ok=1
Cmd: compileSnippet
  api=5 type=1 insize=942 outsize=6 kw= ok=1
Cmd: compileSnippet
  api=9 type=1 insize=1917 outsize=7 kw= ok=1
Unhandled exception: Readfile from pipe failed. GLE=The pipe has been ended.


Quitting shader compiler process
